
*** Running vivado
    with args -log cpu_top_level.vds -m64 -product Vivado -mode batch -messageDb vivado.pb -notrace -source cpu_top_level.tcl



****** Vivado v2024.2 (64-bit)
  **** SW Build 5239630 on Fri Nov 08 22:35:27 MST 2024
  **** IP Build 5239520 on Sun Nov 10 16:12:51 MST 2024
  **** SharedData Build 5239561 on Fri Nov 08 14:39:27 MST 2024
  **** Start of session at: Sat Mar  7 13:30:42 2026
    ** Copyright 1986-2022 Xilinx, Inc. All Rights Reserved.
    ** Copyright 2022-2024 Advanced Micro Devices, Inc. All Rights Reserved.

source cpu_top_level.tcl -notrace
Command: synth_design -top cpu_top_level -part xc7a35tcpg236-1
Starting synth_design
Attempting to get a license for feature 'Synthesis' and/or device 'xc7a35t'
INFO: [Common 17-349] Got license for feature 'Synthesis' and/or device 'xc7a35t'
INFO: [Device 21-403] Loading part xc7a35tcpg236-1
INFO: [Synth 8-7079] Multithreading enabled for synth_design using a maximum of 2 processes.
INFO: [Synth 8-7078] Launching helper process for spawning children vivado processes
INFO: [Synth 8-7075] Helper process launched with PID 11380
---------------------------------------------------------------------------------
Starting RTL Elaboration : Time (s): cpu = 00:00:07 ; elapsed = 00:00:07 . Memory (MB): peak = 995.383 ; gain = 466.359
---------------------------------------------------------------------------------
INFO: [Synth 8-638] synthesizing module 'cpu_top_level' [C:/Users/zguzman.UVIC/project_1/project_1.srcs/sources_1/new/cpu_top_level.vhd:24]
INFO: [Synth 8-638] synthesizing module 'datapath' [C:/Users/zguzman.UVIC/Desktop/ECE449_LAB_CPU-main/Data Path/datapath.vhd:57]
INFO: [Synth 8-6157] synthesizing module 'CPU_ROM' [C:/Users/zguzman.UVIC/project_1/project_1.runs/synth_1/.Xil/Vivado-9148-ws11-22/realtime/CPU_ROM_stub.v:6]
INFO: [Synth 8-6155] done synthesizing module 'CPU_ROM' (0#1) [C:/Users/zguzman.UVIC/project_1/project_1.runs/synth_1/.Xil/Vivado-9148-ws11-22/realtime/CPU_ROM_stub.v:6]
INFO: [Synth 8-638] synthesizing module 'program_counter' [C:/Users/zguzman.UVIC/Desktop/ECE449_LAB_CPU-main/ProgramCounter/programCounter.vhd:40]
WARNING: [Synth 8-614] signal 'pc' is read in the process but is not in the sensitivity list [C:/Users/zguzman.UVIC/Desktop/ECE449_LAB_CPU-main/ProgramCounter/programCounter.vhd:43]
INFO: [Synth 8-256] done synthesizing module 'program_counter' (0#1) [C:/Users/zguzman.UVIC/Desktop/ECE449_LAB_CPU-main/ProgramCounter/programCounter.vhd:40]
INFO: [Synth 8-638] synthesizing module 'register_file' [C:/Users/zguzman.UVIC/Desktop/ECE449_LAB_CPU-main/RegisterFile/registerfile.vhd:37]
INFO: [Synth 8-226] default block is never used [C:/Users/zguzman.UVIC/Desktop/ECE449_LAB_CPU-main/RegisterFile/registerfile.vhd:51]
INFO: [Synth 8-256] done synthesizing module 'register_file' (0#1) [C:/Users/zguzman.UVIC/Desktop/ECE449_LAB_CPU-main/RegisterFile/registerfile.vhd:37]
INFO: [Synth 8-638] synthesizing module 'ALU' [C:/Users/zguzman.UVIC/Desktop/ECE449_LAB_CPU-main/ALU/ALU.vhd:36]
INFO: [Synth 8-256] done synthesizing module 'ALU' (0#1) [C:/Users/zguzman.UVIC/Desktop/ECE449_LAB_CPU-main/ALU/ALU.vhd:36]
INFO: [Synth 8-638] synthesizing module 'instruction_fetch_register' [C:/Users/zguzman.UVIC/project_1/project_1.srcs/sources_1/new/instruction_fetch_register.vhd:47]
INFO: [Synth 8-256] done synthesizing module 'instruction_fetch_register' (0#1) [C:/Users/zguzman.UVIC/project_1/project_1.srcs/sources_1/new/instruction_fetch_register.vhd:47]
INFO: [Synth 8-256] done synthesizing module 'datapath' (0#1) [C:/Users/zguzman.UVIC/Desktop/ECE449_LAB_CPU-main/Data Path/datapath.vhd:57]
INFO: [Synth 8-638] synthesizing module 'controller' [C:/Users/zguzman.UVIC/Desktop/ECE449_LAB_CPU-main/Controller/controller.vhd:69]
INFO: [Synth 8-256] done synthesizing module 'controller' (0#1) [C:/Users/zguzman.UVIC/Desktop/ECE449_LAB_CPU-main/Controller/controller.vhd:69]
INFO: [Synth 8-256] done synthesizing module 'cpu_top_level' (0#1) [C:/Users/zguzman.UVIC/project_1/project_1.srcs/sources_1/new/cpu_top_level.vhd:24]
WARNING: [Synth 8-6014] Unused sequential element address_out_reg was removed.  [C:/Users/zguzman.UVIC/Desktop/ECE449_LAB_CPU-main/ProgramCounter/programCounter.vhd:47]
WARNING: [Synth 8-3848] Net opcode_field in module/entity datapath does not have driver. [C:/Users/zguzman.UVIC/Desktop/ECE449_LAB_CPU-main/Data Path/datapath.vhd:61]
WARNING: [Synth 8-3848] Net reg_rst in module/entity datapath does not have driver. [C:/Users/zguzman.UVIC/Desktop/ECE449_LAB_CPU-main/Data Path/datapath.vhd:70]
WARNING: [Synth 8-3848] Net pc_branch_adr in module/entity datapath does not have driver. [C:/Users/zguzman.UVIC/Desktop/ECE449_LAB_CPU-main/Data Path/datapath.vhd:75]
WARNING: [Synth 8-3848] Net pc_load in module/entity controller does not have driver. [C:/Users/zguzman.UVIC/Desktop/ECE449_LAB_CPU-main/Controller/controller.vhd:51]
WARNING: [Synth 8-3848] Net in_port_en in module/entity controller does not have driver. [C:/Users/zguzman.UVIC/Desktop/ECE449_LAB_CPU-main/Controller/controller.vhd:62]
WARNING: [Synth 8-3848] Net out_port in module/entity cpu_top_level does not have driver. [C:/Users/zguzman.UVIC/project_1/project_1.srcs/sources_1/new/cpu_top_level.vhd:20]
WARNING: [Synth 8-7129] Port pc_load in module controller is either unconnected or has no load
WARNING: [Synth 8-7129] Port in_port_en in module controller is either unconnected or has no load
WARNING: [Synth 8-7129] Port flag_z in module controller is either unconnected or has no load
WARNING: [Synth 8-7129] Port flag_n in module controller is either unconnected or has no load
WARNING: [Synth 8-7129] Port rst_execute in module program_counter is either unconnected or has no load
WARNING: [Synth 8-7129] Port out_port_en in module datapath is either unconnected or has no load
WARNING: [Synth 8-7129] Port in_port_en in module datapath is either unconnected or has no load
WARNING: [Synth 8-7129] Port mem_wr_en in module datapath is either unconnected or has no load
WARNING: [Synth 8-7129] Port out_port[15] in module cpu_top_level is either unconnected or has no load
WARNING: [Synth 8-7129] Port out_port[14] in module cpu_top_level is either unconnected or has no load
WARNING: [Synth 8-7129] Port out_port[13] in module cpu_top_level is either unconnected or has no load
WARNING: [Synth 8-7129] Port out_port[12] in module cpu_top_level is either unconnected or has no load
WARNING: [Synth 8-7129] Port out_port[11] in module cpu_top_level is either unconnected or has no load
WARNING: [Synth 8-7129] Port out_port[10] in module cpu_top_level is either unconnected or has no load
WARNING: [Synth 8-7129] Port out_port[9] in module cpu_top_level is either unconnected or has no load
WARNING: [Synth 8-7129] Port out_port[8] in module cpu_top_level is either unconnected or has no load
WARNING: [Synth 8-7129] Port out_port[7] in module cpu_top_level is either unconnected or has no load
WARNING: [Synth 8-7129] Port out_port[6] in module cpu_top_level is either unconnected or has no load
WARNING: [Synth 8-7129] Port out_port[5] in module cpu_top_level is either unconnected or has no load
WARNING: [Synth 8-7129] Port out_port[4] in module cpu_top_level is either unconnected or has no load
WARNING: [Synth 8-7129] Port out_port[3] in module cpu_top_level is either unconnected or has no load
WARNING: [Synth 8-7129] Port out_port[2] in module cpu_top_level is either unconnected or has no load
WARNING: [Synth 8-7129] Port out_port[1] in module cpu_top_level is either unconnected or has no load
WARNING: [Synth 8-7129] Port out_port[0] in module cpu_top_level is either unconnected or has no load
WARNING: [Synth 8-7129] Port in_port[15] in module cpu_top_level is either unconnected or has no load
WARNING: [Synth 8-7129] Port in_port[14] in module cpu_top_level is either unconnected or has no load
WARNING: [Synth 8-7129] Port in_port[13] in module cpu_top_level is either unconnected or has no load
WARNING: [Synth 8-7129] Port in_port[12] in module cpu_top_level is either unconnected or has no load
WARNING: [Synth 8-7129] Port in_port[11] in module cpu_top_level is either unconnected or has no load
WARNING: [Synth 8-7129] Port in_port[10] in module cpu_top_level is either unconnected or has no load
WARNING: [Synth 8-7129] Port in_port[9] in module cpu_top_level is either unconnected or has no load
WARNING: [Synth 8-7129] Port in_port[8] in module cpu_top_level is either unconnected or has no load
WARNING: [Synth 8-7129] Port in_port[7] in module cpu_top_level is either unconnected or has no load
WARNING: [Synth 8-7129] Port in_port[6] in module cpu_top_level is either unconnected or has no load
WARNING: [Synth 8-7129] Port in_port[5] in module cpu_top_level is either unconnected or has no load
WARNING: [Synth 8-7129] Port in_port[4] in module cpu_top_level is either unconnected or has no load
WARNING: [Synth 8-7129] Port in_port[3] in module cpu_top_level is either unconnected or has no load
WARNING: [Synth 8-7129] Port in_port[2] in module cpu_top_level is either unconnected or has no load
WARNING: [Synth 8-7129] Port in_port[1] in module cpu_top_level is either unconnected or has no load
WARNING: [Synth 8-7129] Port in_port[0] in module cpu_top_level is either unconnected or has no load
---------------------------------------------------------------------------------
Finished RTL Elaboration : Time (s): cpu = 00:00:09 ; elapsed = 00:00:10 . Memory (MB): peak = 1104.883 ; gain = 575.859
---------------------------------------------------------------------------------
---------------------------------------------------------------------------------
Start Handling Custom Attributes
---------------------------------------------------------------------------------
---------------------------------------------------------------------------------
Finished Handling Custom Attributes : Time (s): cpu = 00:00:09 ; elapsed = 00:00:10 . Memory (MB): peak = 1104.883 ; gain = 575.859
---------------------------------------------------------------------------------
---------------------------------------------------------------------------------
Finished RTL Optimization Phase 1 : Time (s): cpu = 00:00:09 ; elapsed = 00:00:10 . Memory (MB): peak = 1104.883 ; gain = 575.859
---------------------------------------------------------------------------------
Netlist sorting complete. Time (s): cpu = 00:00:00 ; elapsed = 00:00:00.008 . Memory (MB): peak = 1104.883 ; gain = 0.000
INFO: [Project 1-570] Preparing netlist for logic optimization

Processing XDC Constraints
Initializing timing engine
Parsing XDC File [c:/Users/zguzman.UVIC/project_1/project_1.gen/sources_1/ip/CPU_ROM/CPU_ROM/CPU_ROM_in_context.xdc] for cell 'datapath/ROM_inst'
Finished Parsing XDC File [c:/Users/zguzman.UVIC/project_1/project_1.gen/sources_1/ip/CPU_ROM/CPU_ROM/CPU_ROM_in_context.xdc] for cell 'datapath/ROM_inst'
Completed Processing XDC Constraints

Netlist sorting complete. Time (s): cpu = 00:00:00 ; elapsed = 00:00:00 . Memory (MB): peak = 1128.379 ; gain = 0.000
INFO: [Project 1-111] Unisim Transformation Summary:
No Unisim elements were transformed.

Constraint Validation Runtime : Time (s): cpu = 00:00:00 ; elapsed = 00:00:00.013 . Memory (MB): peak = 1128.379 ; gain = 0.000
---------------------------------------------------------------------------------
Finished Constraint Validation : Time (s): cpu = 00:00:18 ; elapsed = 00:00:19 . Memory (MB): peak = 1128.379 ; gain = 599.355
---------------------------------------------------------------------------------
---------------------------------------------------------------------------------
Start Loading Part and Timing Information
---------------------------------------------------------------------------------
Loading part: xc7a35tcpg236-1
---------------------------------------------------------------------------------
Finished Loading Part and Timing Information : Time (s): cpu = 00:00:18 ; elapsed = 00:00:19 . Memory (MB): peak = 1128.379 ; gain = 599.355
---------------------------------------------------------------------------------
---------------------------------------------------------------------------------
Start Applying 'set_property' XDC Constraints
---------------------------------------------------------------------------------
Applied set_property KEEP_HIERARCHY = SOFT for datapath/ROM_inst. (constraint file  auto generated constraint).
---------------------------------------------------------------------------------
Finished applying 'set_property' XDC Constraints : Time (s): cpu = 00:00:18 ; elapsed = 00:00:20 . Memory (MB): peak = 1128.379 ; gain = 599.355
---------------------------------------------------------------------------------
INFO: [Synth 8-802] inferred FSM for state register 'State_reg' in module 'controller'
WARNING: [Synth 8-327] inferring latch for variable 'flag_z_reg' [C:/Users/zguzman.UVIC/Desktop/ECE449_LAB_CPU-main/ALU/ALU.vhd:73]
WARNING: [Synth 8-327] inferring latch for variable 'flag_n_reg' [C:/Users/zguzman.UVIC/Desktop/ECE449_LAB_CPU-main/ALU/ALU.vhd:78]
---------------------------------------------------------------------------------------------------
                   State |                     New Encoding |                Previous Encoding 
---------------------------------------------------------------------------------------------------
                   fetch |                            00001 |                              000
                  decode |                            00010 |                              001
                 execute |                            00100 |                              010
                 mem_acc |                            01000 |                              011
                  w_back |                            10000 |                              100
---------------------------------------------------------------------------------------------------
INFO: [Synth 8-3354] encoded FSM with state register 'State_reg' using encoding 'one-hot' in module 'controller'
---------------------------------------------------------------------------------
Finished RTL Optimization Phase 2 : Time (s): cpu = 00:00:19 ; elapsed = 00:00:20 . Memory (MB): peak = 1128.379 ; gain = 599.355
---------------------------------------------------------------------------------
---------------------------------------------------------------------------------
Start RTL Component Statistics 
---------------------------------------------------------------------------------
Detailed RTL Component Info : 
+---Adders : 
	   2 Input   16 Bit       Adders := 1     
	   3 Input   16 Bit       Adders := 1     
+---Registers : 
	               16 Bit    Registers := 8     
	                7 Bit    Registers := 1     
	                3 Bit    Registers := 4     
	                1 Bit    Registers := 3     
+---Muxes : 
	   2 Input    1 Bit        Muxes := 1     
	   8 Input    1 Bit        Muxes := 9     
	   5 Input    1 Bit        Muxes := 4     
---------------------------------------------------------------------------------
Finished RTL Component Statistics 
---------------------------------------------------------------------------------
---------------------------------------------------------------------------------
Start Part Resource Summary
---------------------------------------------------------------------------------
Part Resources:
DSPs: 90 (col length:60)
BRAMs: 100 (col length: RAMB18 60 RAMB36 30)
---------------------------------------------------------------------------------
Finished Part Resource Summary
---------------------------------------------------------------------------------
---------------------------------------------------------------------------------
Start Cross Boundary and Area Optimization
---------------------------------------------------------------------------------
WARNING: [Synth 8-7080] Parallel synthesis criteria is not met
WARNING: [Synth 8-7129] Port out_port[15] in module cpu_top_level is either unconnected or has no load
WARNING: [Synth 8-7129] Port out_port[14] in module cpu_top_level is either unconnected or has no load
WARNING: [Synth 8-7129] Port out_port[13] in module cpu_top_level is either unconnected or has no load
WARNING: [Synth 8-7129] Port out_port[12] in module cpu_top_level is either unconnected or has no load
WARNING: [Synth 8-7129] Port out_port[11] in module cpu_top_level is either unconnected or has no load
WARNING: [Synth 8-7129] Port out_port[10] in module cpu_top_level is either unconnected or has no load
WARNING: [Synth 8-7129] Port out_port[9] in module cpu_top_level is either unconnected or has no load
WARNING: [Synth 8-7129] Port out_port[8] in module cpu_top_level is either unconnected or has no load
WARNING: [Synth 8-7129] Port out_port[7] in module cpu_top_level is either unconnected or has no load
WARNING: [Synth 8-7129] Port out_port[6] in module cpu_top_level is either unconnected or has no load
WARNING: [Synth 8-7129] Port out_port[5] in module cpu_top_level is either unconnected or has no load
WARNING: [Synth 8-7129] Port out_port[4] in module cpu_top_level is either unconnected or has no load
WARNING: [Synth 8-7129] Port out_port[3] in module cpu_top_level is either unconnected or has no load
WARNING: [Synth 8-7129] Port out_port[2] in module cpu_top_level is either unconnected or has no load
WARNING: [Synth 8-7129] Port out_port[1] in module cpu_top_level is either unconnected or has no load
WARNING: [Synth 8-7129] Port out_port[0] in module cpu_top_level is either unconnected or has no load
WARNING: [Synth 8-7129] Port in_port[15] in module cpu_top_level is either unconnected or has no load
WARNING: [Synth 8-7129] Port in_port[14] in module cpu_top_level is either unconnected or has no load
WARNING: [Synth 8-7129] Port in_port[13] in module cpu_top_level is either unconnected or has no load
WARNING: [Synth 8-7129] Port in_port[12] in module cpu_top_level is either unconnected or has no load
WARNING: [Synth 8-7129] Port in_port[11] in module cpu_top_level is either unconnected or has no load
WARNING: [Synth 8-7129] Port in_port[10] in module cpu_top_level is either unconnected or has no load
WARNING: [Synth 8-7129] Port in_port[9] in module cpu_top_level is either unconnected or has no load
WARNING: [Synth 8-7129] Port in_port[8] in module cpu_top_level is either unconnected or has no load
WARNING: [Synth 8-7129] Port in_port[7] in module cpu_top_level is either unconnected or has no load
WARNING: [Synth 8-7129] Port in_port[6] in module cpu_top_level is either unconnected or has no load
WARNING: [Synth 8-7129] Port in_port[5] in module cpu_top_level is either unconnected or has no load
WARNING: [Synth 8-7129] Port in_port[4] in module cpu_top_level is either unconnected or has no load
WARNING: [Synth 8-7129] Port in_port[3] in module cpu_top_level is either unconnected or has no load
WARNING: [Synth 8-7129] Port in_port[2] in module cpu_top_level is either unconnected or has no load
WARNING: [Synth 8-7129] Port in_port[1] in module cpu_top_level is either unconnected or has no load
WARNING: [Synth 8-7129] Port in_port[0] in module cpu_top_level is either unconnected or has no load
WARNING: [Synth 8-3332] Sequential element (datapath/ALU_inst/flag_z_reg) is unused and will be removed from module cpu_top_level.
WARNING: [Synth 8-3332] Sequential element (datapath/ALU_inst/flag_n_reg) is unused and will be removed from module cpu_top_level.
---------------------------------------------------------------------------------
Finished Cross Boundary and Area Optimization : Time (s): cpu = 00:00:21 ; elapsed = 00:00:23 . Memory (MB): peak = 1134.078 ; gain = 605.055
---------------------------------------------------------------------------------
---------------------------------------------------------------------------------
Start Applying XDC Timing Constraints
---------------------------------------------------------------------------------
---------------------------------------------------------------------------------
Finished Applying XDC Timing Constraints : Time (s): cpu = 00:00:28 ; elapsed = 00:00:29 . Memory (MB): peak = 1296.031 ; gain = 767.008
---------------------------------------------------------------------------------
---------------------------------------------------------------------------------
Start Timing Optimization
---------------------------------------------------------------------------------
---------------------------------------------------------------------------------
Finished Timing Optimization : Time (s): cpu = 00:00:28 ; elapsed = 00:00:29 . Memory (MB): peak = 1296.031 ; gain = 767.008
---------------------------------------------------------------------------------
---------------------------------------------------------------------------------
Start Technology Mapping
---------------------------------------------------------------------------------
---------------------------------------------------------------------------------
Finished Technology Mapping : Time (s): cpu = 00:00:28 ; elapsed = 00:00:29 . Memory (MB): peak = 1315.117 ; gain = 786.094
---------------------------------------------------------------------------------
---------------------------------------------------------------------------------
Start IO Insertion
---------------------------------------------------------------------------------
---------------------------------------------------------------------------------
Start Flattening Before IO Insertion
---------------------------------------------------------------------------------
---------------------------------------------------------------------------------
Finished Flattening Before IO Insertion
---------------------------------------------------------------------------------
---------------------------------------------------------------------------------
Start Final Netlist Cleanup
---------------------------------------------------------------------------------
---------------------------------------------------------------------------------
Finished Final Netlist Cleanup
---------------------------------------------------------------------------------
---------------------------------------------------------------------------------
Finished IO Insertion : Time (s): cpu = 00:00:33 ; elapsed = 00:00:35 . Memory (MB): peak = 1522.562 ; gain = 993.539
---------------------------------------------------------------------------------
---------------------------------------------------------------------------------
Start Renaming Generated Instances
---------------------------------------------------------------------------------
---------------------------------------------------------------------------------
Finished Renaming Generated Instances : Time (s): cpu = 00:00:33 ; elapsed = 00:00:35 . Memory (MB): peak = 1522.562 ; gain = 993.539
---------------------------------------------------------------------------------
---------------------------------------------------------------------------------
Start Rebuilding User Hierarchy
---------------------------------------------------------------------------------
---------------------------------------------------------------------------------
Finished Rebuilding User Hierarchy : Time (s): cpu = 00:00:33 ; elapsed = 00:00:35 . Memory (MB): peak = 1522.562 ; gain = 993.539
---------------------------------------------------------------------------------
---------------------------------------------------------------------------------
Start Renaming Generated Ports
---------------------------------------------------------------------------------
---------------------------------------------------------------------------------
Finished Renaming Generated Ports : Time (s): cpu = 00:00:33 ; elapsed = 00:00:35 . Memory (MB): peak = 1522.562 ; gain = 993.539
---------------------------------------------------------------------------------
---------------------------------------------------------------------------------
Start Handling Custom Attributes
---------------------------------------------------------------------------------
---------------------------------------------------------------------------------
Finished Handling Custom Attributes : Time (s): cpu = 00:00:33 ; elapsed = 00:00:35 . Memory (MB): peak = 1522.562 ; gain = 993.539
---------------------------------------------------------------------------------
---------------------------------------------------------------------------------
Start Renaming Generated Nets
---------------------------------------------------------------------------------
---------------------------------------------------------------------------------
Finished Renaming Generated Nets : Time (s): cpu = 00:00:33 ; elapsed = 00:00:35 . Memory (MB): peak = 1522.562 ; gain = 993.539
---------------------------------------------------------------------------------
---------------------------------------------------------------------------------
Start Writing Synthesis Report
---------------------------------------------------------------------------------

Report BlackBoxes: 
+------+--------------+----------+
|      |BlackBox name |Instances |
+------+--------------+----------+
|1     |CPU_ROM       |         1|
+------+--------------+----------+

Report Cell Usage: 
+------+--------+------+
|      |Cell    |Count |
+------+--------+------+
|1     |CPU_ROM |     1|
|2     |BUFG    |     1|
|3     |CARRY4  |     3|
|4     |LUT1    |     1|
|5     |LUT2    |     1|
|6     |LUT4    |     1|
|7     |LUT5    |     1|
|8     |FDRE    |    15|
|9     |IBUF    |     2|
|10    |OBUFT   |    16|
+------+--------+------+
---------------------------------------------------------------------------------
Finished Writing Synthesis Report : Time (s): cpu = 00:00:33 ; elapsed = 00:00:35 . Memory (MB): peak = 1522.562 ; gain = 993.539
---------------------------------------------------------------------------------
Synthesis finished with 0 errors, 0 critical warnings and 37 warnings.
Synthesis Optimization Runtime : Time (s): cpu = 00:00:22 ; elapsed = 00:00:33 . Memory (MB): peak = 1522.562 ; gain = 970.043
Synthesis Optimization Complete : Time (s): cpu = 00:00:33 ; elapsed = 00:00:35 . Memory (MB): peak = 1522.562 ; gain = 993.539
INFO: [Project 1-571] Translating synthesized netlist
Netlist sorting complete. Time (s): cpu = 00:00:00 ; elapsed = 00:00:00.001 . Memory (MB): peak = 1531.730 ; gain = 0.000
INFO: [Netlist 29-17] Analyzing 3 Unisim elements for replacement
INFO: [Netlist 29-28] Unisim Transformation completed in 0 CPU seconds
INFO: [Project 1-570] Preparing netlist for logic optimization
INFO: [Opt 31-138] Pushed 0 inverter(s) to 0 load pin(s).
Netlist sorting complete. Time (s): cpu = 00:00:00 ; elapsed = 00:00:00 . Memory (MB): peak = 1535.387 ; gain = 0.000
INFO: [Project 1-111] Unisim Transformation Summary:
No Unisim elements were transformed.

Synth Design complete | Checksum: 1775935c
INFO: [Common 17-83] Releasing license: Synthesis
33 Infos, 85 Warnings, 0 Critical Warnings and 0 Errors encountered.
synth_design completed successfully
synth_design: Time (s): cpu = 00:00:38 ; elapsed = 00:00:42 . Memory (MB): peak = 1535.387 ; gain = 1197.926
Write ShapeDB Complete: Time (s): cpu = 00:00:00 ; elapsed = 00:00:00.002 . Memory (MB): peak = 1535.387 ; gain = 0.000
INFO: [Common 17-1381] The checkpoint 'C:/Users/zguzman.UVIC/project_1/project_1.runs/synth_1/cpu_top_level.dcp' has been generated.
INFO: [Vivado 12-24828] Executing command : report_utilization -file cpu_top_level_utilization_synth.rpt -pb cpu_top_level_utilization_synth.pb
INFO: [Common 17-206] Exiting Vivado at Sat Mar  7 13:31:30 2026...
