Vivado Simulator v2025.1.0
Copyright 1986-2022 Xilinx, Inc. All Rights Reserved.
Copyright 2022-2025 Advanced Micro Devices, Inc. All Rights Reserved.
Running: C:/Xilinx/2025.1/Vivado/bin/unwrapped/win64.o/xelab.exe --incr --debug typical --relax --mt 2 -L xil_defaultlib -L blk_mem_gen_v8_4_11 -L unisims_ver -L unimacro_ver -L secureip -L xpm --snapshot cpu_top_level_testbench_behav xil_defaultlib.cpu_top_level_testbench xil_defaultlib.glbl -log elaborate.log 
Using 2 slave threads.
Starting static elaboration
Pass Through NonSizing Optimizer
Completed static elaboration
Starting simulation data flow analysis
Completed simulation data flow analysis
Time Resolution for simulation is 1ps
Compiling package std.standard
Compiling package std.textio
Compiling package ieee.std_logic_1164
Compiling package ieee.numeric_std
Compiling package vl.vl_types
Compiling module xil_defaultlib.glbl
Compiling architecture behavioral of entity xil_defaultlib.program_counter [program_counter_default]
Compiling module blk_mem_gen_v8_4_11.blk_mem_gen_v8_4_11_output_stage...
Compiling module blk_mem_gen_v8_4_11.blk_mem_gen_v8_4_11_softecc_outp...
Compiling module blk_mem_gen_v8_4_11.blk_mem_gen_v8_4_11_mem_module(C...
Compiling module blk_mem_gen_v8_4_11.blk_mem_gen_v8_4_11(C_FAMILY="ar...
Compiling module xil_defaultlib.CPU_ROM
Compiling architecture behavioral of entity xil_defaultlib.instruction_fetch_register [instruction_fetch_register_defau...]
Compiling architecture behavioural of entity xil_defaultlib.register_file [register_file_default]
Compiling architecture behavioral of entity xil_defaultlib.instruction_decode_register [instruction_decode_register_defa...]
Compiling architecture behavioral of entity xil_defaultlib.ALU [alu_default]
Compiling architecture behavioral of entity xil_defaultlib.execute_register [execute_register_default]
Compiling architecture behavioral of entity xil_defaultlib.write_back_register [write_back_register_default]
Compiling architecture behavioural of entity xil_defaultlib.datapath [datapath_default]
Compiling architecture behavioral of entity xil_defaultlib.controller [controller_default]
Compiling architecture behavioral of entity xil_defaultlib.cpu_top_level [cpu_top_level_default]
Compiling architecture behavioral of entity xil_defaultlib.cpu_top_level_testbench
Built simulation snapshot cpu_top_level_testbench_behav
