#-----------------------------------------------------------
# Vivado v2025.1 (64-bit)
# SW Build 6140274 on Thu May 22 00:12:29 MDT 2025
# IP Build 6138677 on Thu May 22 03:10:11 MDT 2025
# SharedData Build 6139179 on Tue May 20 17:58:58 MDT 2025
# Start of session at: Sun Mar  8 09:41:08 2026
# Process ID         : 39720
# Current directory  : C:/Users/Kheph/Documents/Projects/School/ECE449CPU/ECE449_LAB_CPU/project_1
# Command line       : vivado.exe -gui_launcher_event rodinguilauncherevent19632 C:\Users\Kheph\Documents\Projects\School\ECE449CPU\ECE449_LAB_CPU\project_1\project_1.xpr
# Log file           : C:/Users/Kheph/Documents/Projects/School/ECE449CPU/ECE449_LAB_CPU/project_1/vivado.log
# Journal file       : C:/Users/Kheph/Documents/Projects/School/ECE449CPU/ECE449_LAB_CPU/project_1\vivado.jou
# Running On         : reckons-laptop
# Platform           : Windows Server 2016 or Windows 10
# Operating System   : 26200
# Processor Detail   : 11th Gen Intel(R) Core(TM) i7-1165G7 @ 2.80GHz
# CPU Frequency      : 2803 MHz
# CPU Physical cores : 4
# CPU Logical cores  : 8
# Host memory        : 38334 MB
# Swap memory        : 12884 MB
# Total Virtual      : 51219 MB
# Available Virtual  : 21814 MB
#-----------------------------------------------------------
start_gui
open_project C:/Users/Kheph/Documents/Projects/School/ECE449CPU/ECE449_LAB_CPU/project_1/project_1.xpr
WARNING: [Board 49-26] cannot add Board Part xilinx.com:emb-plus-vpr-4616:part0:1.0 available at C:/Xilinx/2025.1/data/xhub/boards\XilinxBoardStore\boards\Xilinx\emb-plus-vpr-4616\1.0\board.xml as part xcve2302-sfva784-2mp-e-s specified in board_part file is either invalid or not available
WARNING: [Board 49-26] cannot add Board Part xilinx.com:emb-plus-vpr-4616:part0:1.1 available at C:/Xilinx/2025.1/data/xhub/boards\XilinxBoardStore\boards\Xilinx\emb-plus-vpr-4616\1.1\board.xml as part xcve2302-sfva784-2mp-e-s specified in board_part file is either invalid or not available
WARNING: [Board 49-26] cannot add Board Part xilinx.com:kcu105:part0:1.6 available at C:/Xilinx/2025.1/data/xhub/boards\XilinxBoardStore\boards\Xilinx\kcu105\1.6\board.xml as part xcku040-ffva1156-2-e specified in board_part file is either invalid or not available
WARNING: [Board 49-26] cannot add Board Part xilinx.com:kcu105:part0:1.7 available at C:/Xilinx/2025.1/data/xhub/boards\XilinxBoardStore\boards\Xilinx\kcu105\1.7\board.xml as part xcku040-ffva1156-2-e specified in board_part file is either invalid or not available
WARNING: [Board 49-26] cannot add Board Part xilinx.com:kcu116:part0:1.4 available at C:/Xilinx/2025.1/data/xhub/boards\XilinxBoardStore\boards\Xilinx\kcu116\1.4\board.xml as part xcku5p-ffvb676-2-e specified in board_part file is either invalid or not available
WARNING: [Board 49-26] cannot add Board Part xilinx.com:kcu116:part0:1.5 available at C:/Xilinx/2025.1/data/xhub/boards\XilinxBoardStore\boards\Xilinx\kcu116\1.5\board.xml as part xcku5p-ffvb676-2-e specified in board_part file is either invalid or not available
WARNING: [Board 49-26] cannot add Board Part xilinx.com:scu35:part0:1.0 available at C:/Xilinx/2025.1/data/xhub/boards\XilinxBoardStore\boards\Xilinx\scu35\1.0\board.xml as part xcsu35p-sbvb625-2-e specified in board_part file is either invalid or not available
WARNING: [Board 49-26] cannot add Board Part xilinx.com:v80:part0:1.0 available at C:/Xilinx/2025.1/data/xhub/boards\XilinxBoardStore\boards\Xilinx\v80\1.0\board.xml as part xcv80-lsva4737-2mhp-e-s specified in board_part file is either invalid or not available
WARNING: [Board 49-26] cannot add Board Part xilinx.com:vcu108:part0:1.6 available at C:/Xilinx/2025.1/data/xhub/boards\XilinxBoardStore\boards\Xilinx\vcu108\1.6\board.xml as part xcvu095-ffva2104-2-e specified in board_part file is either invalid or not available
WARNING: [Board 49-26] cannot add Board Part xilinx.com:vcu108:part0:1.7 available at C:/Xilinx/2025.1/data/xhub/boards\XilinxBoardStore\boards\Xilinx\vcu108\1.7\board.xml as part xcvu095-ffva2104-2-e specified in board_part file is either invalid or not available
WARNING: [Board 49-26] cannot add Board Part xilinx.com:vcu110:part0:1.4 available at C:/Xilinx/2025.1/data/xhub/boards\XilinxBoardStore\boards\Xilinx\vcu110\1.4\board.xml as part xcvu190-flgc2104-2-e specified in board_part file is either invalid or not available
WARNING: [Board 49-26] cannot add Board Part xilinx.com:vcu128:part0:1.0 available at C:/Xilinx/2025.1/data/xhub/boards\XilinxBoardStore\boards\Xilinx\vcu128\production\1.0\board.xml as part xcvu37p-fsvh2892-2l-e specified in board_part file is either invalid or not available
WARNING: [Board 49-26] cannot add Board Part xilinx.com:vcu129:part0:1.0 available at C:/Xilinx/2025.1/data/xhub/boards\XilinxBoardStore\boards\Xilinx\vcu129\production\1.0\board.xml as part xcvu29p-fsga2577-2l-e specified in board_part file is either invalid or not available
WARNING: [Board 49-26] cannot add Board Part xilinx.com:vek280:part0:1.0 available at C:/Xilinx/2025.1/data/xhub/boards\XilinxBoardStore\boards\Xilinx\vek280\production\1.0\board.xml as part xcve2802-vsvh1760-2mp-e-s specified in board_part file is either invalid or not available
WARNING: [Board 49-26] cannot add Board Part xilinx.com:vek280:part0:1.1 available at C:/Xilinx/2025.1/data/xhub/boards\XilinxBoardStore\boards\Xilinx\vek280\production\1.1\board.xml as part xcve2802-vsvh1760-2mp-e-s specified in board_part file is either invalid or not available
WARNING: [Board 49-26] cannot add Board Part xilinx.com:vek280:part0:1.2 available at C:/Xilinx/2025.1/data/xhub/boards\XilinxBoardStore\boards\Xilinx\vek280\production\1.2\board.xml as part xcve2802-vsvh1760-2mp-e-s specified in board_part file is either invalid or not available
WARNING: [Board 49-26] cannot add Board Part xilinx.com:vek385:part0:1.0 available at C:/Xilinx/2025.1/data/xhub/boards\XilinxBoardStore\boards\Xilinx\vek385\1.0\board.xml as part xc2ve3858-ssva2112-2mp-e-s specified in board_part file is either invalid or not available
WARNING: [Board 49-26] cannot add Board Part xilinx.com:vermeo_t1_rfsoc:part0:1.0 available at C:/Xilinx/2025.1/data/xhub/boards\XilinxBoardStore\boards\Xilinx\vermeo_t1_rfsoc\1.0\board.xml as part xczu21dr-ffvd1156-2l-e specified in board_part file is either invalid or not available
WARNING: [Board 49-26] cannot add Board Part xilinx.com:vhk158:part0:1.0 available at C:/Xilinx/2025.1/data/xhub/boards\XilinxBoardStore\boards\Xilinx\vhk158\production\1.0\board.xml as part xcvh1582-vsva3697-2mp-e-s specified in board_part file is either invalid or not available
WARNING: [Board 49-26] cannot add Board Part xilinx.com:vhk158:part0:1.1 available at C:/Xilinx/2025.1/data/xhub/boards\XilinxBoardStore\boards\Xilinx\vhk158\production\1.1\board.xml as part xcvh1582-vsva3697-2mp-e-s specified in board_part file is either invalid or not available
WARNING: [Board 49-26] cannot add Board Part xilinx.com:vhk158:part0:1.2 available at C:/Xilinx/2025.1/data/xhub/boards\XilinxBoardStore\boards\Xilinx\vhk158\production\1.2\board.xml as part xcvh1582-vsva3697-2mp-e-s specified in board_part file is either invalid or not available
WARNING: [Board 49-26] cannot add Board Part xilinx.com:vpk180:part0:1.0 available at C:/Xilinx/2025.1/data/xhub/boards\XilinxBoardStore\boards\Xilinx\vpk180\production\1.0\board.xml as part xcvp1802-lsvc4072-2mp-e-s specified in board_part file is either invalid or not available
WARNING: [Board 49-26] cannot add Board Part xilinx.com:vpk180:part0:1.1 available at C:/Xilinx/2025.1/data/xhub/boards\XilinxBoardStore\boards\Xilinx\vpk180\production\1.1\board.xml as part xcvp1802-lsvc4072-2mp-e-s specified in board_part file is either invalid or not available
WARNING: [Board 49-26] cannot add Board Part xilinx.com:vpk180:part0:1.2 available at C:/Xilinx/2025.1/data/xhub/boards\XilinxBoardStore\boards\Xilinx\vpk180\production\1.2\board.xml as part xcvp1802-lsvc4072-2mp-e-s specified in board_part file is either invalid or not available
WARNING: [Board 49-26] cannot add Board Part xilinx.com:zcu111:part0:1.2 available at C:/Xilinx/2025.1/data/xhub/boards\XilinxBoardStore\boards\Xilinx\zcu111\1.2\board.xml as part xczu28dr-ffvg1517-2-e specified in board_part file is either invalid or not available
WARNING: [Board 49-26] cannot add Board Part xilinx.com:zcu111:part0:1.3 available at C:/Xilinx/2025.1/data/xhub/boards\XilinxBoardStore\boards\Xilinx\zcu111\1.3\board.xml as part xczu28dr-ffvg1517-2-e specified in board_part file is either invalid or not available
WARNING: [Board 49-26] cannot add Board Part xilinx.com:zcu111:part0:1.4 available at C:/Xilinx/2025.1/data/xhub/boards\XilinxBoardStore\boards\Xilinx\zcu111\1.4\board.xml as part xczu28dr-ffvg1517-2-e specified in board_part file is either invalid or not available
WARNING: [Board 49-26] cannot add Board Part xilinx.com:zcu1275:part0:1.0 available at C:/Xilinx/2025.1/data/xhub/boards\XilinxBoardStore\boards\Xilinx\zcu1275\1.0\board.xml as part xczu29dr-ffvf1760-2-e specified in board_part file is either invalid or not available
WARNING: [Board 49-26] cannot add Board Part xilinx.com:zcu1285:part0:1.0 available at C:/Xilinx/2025.1/data/xhub/boards\XilinxBoardStore\boards\Xilinx\zcu1285\1.0\board.xml as part xczu39dr-ffvf1760-2-i specified in board_part file is either invalid or not available
WARNING: [Board 49-26] cannot add Board Part xilinx.com:zcu208:part0:2.0 available at C:/Xilinx/2025.1/data/xhub/boards\XilinxBoardStore\boards\Xilinx\zcu208\production\2.0\board.xml as part xczu48dr-fsvg1517-2-e specified in board_part file is either invalid or not available
WARNING: [Board 49-26] cannot add Board Part xilinx.com:zcu208ld:part0:2.0 available at C:/Xilinx/2025.1/data/xhub/boards\XilinxBoardStore\boards\Xilinx\zcu208ld\production\2.0\board.xml as part xczu58dr-fsvg1517-2-i specified in board_part file is either invalid or not available
WARNING: [Board 49-26] cannot add Board Part xilinx.com:zcu216:part0:2.0 available at C:/Xilinx/2025.1/data/xhub/boards\XilinxBoardStore\boards\Xilinx\zcu216\production\2.0\board.xml as part xczu49dr-ffvf1760-2-e specified in board_part file is either invalid or not available
WARNING: [Board 49-26] cannot add Board Part xilinx.com:zcu216ld:part0:2.0 available at C:/Xilinx/2025.1/data/xhub/boards\XilinxBoardStore\boards\Xilinx\zcu216ld\production\2.0\board.xml as part xczu59dr-ffvf1760-2-i specified in board_part file is either invalid or not available
WARNING: [Board 49-26] cannot add Board Part xilinx.com:zcu670:part0:2.0 available at C:/Xilinx/2025.1/data/xhub/boards\XilinxBoardStore\boards\Xilinx\zcu670\2.0\board.xml as part xczu67dr-fsve1156-2-i specified in board_part file is either invalid or not available
WARNING: [Board 49-26] cannot add Board Part xilinx.com:zcu670ld:part0:1.0 available at C:/Xilinx/2025.1/data/xhub/boards\XilinxBoardStore\boards\Xilinx\zcu670ld\1.0\board.xml as part xczu57dr-fsve1156-2-i specified in board_part file is either invalid or not available
INFO: [Project 1-313] Project file moved from 'G:/.shortcut-targets-by-id/1kz-GMdUMZQrW_csUrf8xrYj2o5lJhxGt/ECE 449 Lab/Source/ECE449_LAB_CPU-main/project_1' since last save.
CRITICAL WARNING: [Project 1-311] Could not find the file 'C:/Users/Kheph/Documents/Projects/School/ECE449CPU/ECE449_LAB_CPU/Desktop/ECE449_LAB_CPU-main/ALU/ALU.vhd', nor could it be found using path 'G:/.shortcut-targets-by-id/1kz-GMdUMZQrW_csUrf8xrYj2o5lJhxGt/ECE 449 Lab/Source/ECE449_LAB_CPU-main/Desktop/ECE449_LAB_CPU-main/ALU/ALU.vhd'.
CRITICAL WARNING: [Project 1-311] Could not find the file 'C:/Users/Kheph/Documents/Projects/School/ECE449CPU/ECE449_LAB_CPU/Desktop/ECE449_LAB_CPU-main/Controller/controller.vhd', nor could it be found using path 'G:/.shortcut-targets-by-id/1kz-GMdUMZQrW_csUrf8xrYj2o5lJhxGt/ECE 449 Lab/Source/ECE449_LAB_CPU-main/Desktop/ECE449_LAB_CPU-main/Controller/controller.vhd'.
CRITICAL WARNING: [Project 1-311] Could not find the file 'C:/Users/Kheph/Documents/Projects/School/ECE449CPU/ECE449_LAB_CPU/Desktop/ECE449_LAB_CPU-main/ProgramCounter/programCounter.vhd', nor could it be found using path 'G:/.shortcut-targets-by-id/1kz-GMdUMZQrW_csUrf8xrYj2o5lJhxGt/ECE 449 Lab/Source/ECE449_LAB_CPU-main/Desktop/ECE449_LAB_CPU-main/ProgramCounter/programCounter.vhd'.
CRITICAL WARNING: [Project 1-311] Could not find the file 'C:/Users/Kheph/Documents/Projects/School/ECE449CPU/ECE449_LAB_CPU/Desktop/ECE449_LAB_CPU-main/RegisterFile/registerfile.vhd', nor could it be found using path 'G:/.shortcut-targets-by-id/1kz-GMdUMZQrW_csUrf8xrYj2o5lJhxGt/ECE 449 Lab/Source/ECE449_LAB_CPU-main/Desktop/ECE449_LAB_CPU-main/RegisterFile/registerfile.vhd'.
CRITICAL WARNING: [Project 1-311] Could not find the file 'C:/Users/Kheph/Documents/Projects/School/ECE449CPU/ECE449_LAB_CPU/Desktop/ECE449_LAB_CPU-main/Data Path/datapath.vhd', nor could it be found using path 'G:/.shortcut-targets-by-id/1kz-GMdUMZQrW_csUrf8xrYj2o5lJhxGt/ECE 449 Lab/Source/ECE449_LAB_CPU-main/Desktop/ECE449_LAB_CPU-main/Data Path/datapath.vhd'.
CRITICAL WARNING: [Project 1-311] Could not find the file 'C:/Users/Kheph/Documents/Projects/School/ECE449CPU/ECE449_LAB_CPU/Desktop/ECE449_LAB_CPU-main/FormatA_Test.coe', nor could it be found using path 'G:/.shortcut-targets-by-id/1kz-GMdUMZQrW_csUrf8xrYj2o5lJhxGt/ECE 449 Lab/Source/ECE449_LAB_CPU-main/Desktop/ECE449_LAB_CPU-main/FormatA_Test.coe'.
CRITICAL WARNING: [Project 1-311] Could not find the file 'C:/Users/Kheph/Documents/Projects/School/ECE449CPU/ECE449_LAB_CPU/Desktop/ECE449_LAB_CPU-main/ROM/CPU_ROM_tb.vhd', nor could it be found using path 'G:/.shortcut-targets-by-id/1kz-GMdUMZQrW_csUrf8xrYj2o5lJhxGt/ECE 449 Lab/Source/ECE449_LAB_CPU-main/Desktop/ECE449_LAB_CPU-main/ROM/CPU_ROM_tb.vhd'.
CRITICAL WARNING: [Project 1-311] Could not find the file 'C:/Users/Kheph/Documents/Projects/School/ECE449CPU/ECE449_LAB_CPU/Desktop/ECE449_LAB_CPU-main/ALU/ALU_Testbench.vhd', nor could it be found using path 'G:/.shortcut-targets-by-id/1kz-GMdUMZQrW_csUrf8xrYj2o5lJhxGt/ECE 449 Lab/Source/ECE449_LAB_CPU-main/Desktop/ECE449_LAB_CPU-main/ALU/ALU_Testbench.vhd'.
CRITICAL WARNING: [Project 1-311] Could not find the file 'C:/Users/Kheph/Documents/Projects/School/ECE449CPU/ECE449_LAB_CPU/Desktop/ECE449_LAB_CPU-main/ProgramCounter/programCount_tb.vhd', nor could it be found using path 'G:/.shortcut-targets-by-id/1kz-GMdUMZQrW_csUrf8xrYj2o5lJhxGt/ECE 449 Lab/Source/ECE449_LAB_CPU-main/Desktop/ECE449_LAB_CPU-main/ProgramCounter/programCount_tb.vhd'.
CRITICAL WARNING: [Project 1-311] Could not find the file 'C:/Users/Kheph/Documents/Projects/School/ECE449CPU/ECE449_LAB_CPU/Desktop/ECE449_LAB_CPU-main/RegisterFile/registerfileTestbench.vhd', nor could it be found using path 'G:/.shortcut-targets-by-id/1kz-GMdUMZQrW_csUrf8xrYj2o5lJhxGt/ECE 449 Lab/Source/ECE449_LAB_CPU-main/Desktop/ECE449_LAB_CPU-main/RegisterFile/registerfileTestbench.vhd'.
Scanning sources...
Finished scanning sources
WARNING: [Board 49-26] cannot add Board Part xilinx.com:emb-plus-vpr-4616:part0:1.0 available at C:/Xilinx/2025.1/data/xhub/boards\XilinxBoardStore\boards\Xilinx\emb-plus-vpr-4616\1.0\board.xml as part xcve2302-sfva784-2mp-e-s specified in board_part file is either invalid or not available
WARNING: [Board 49-26] cannot add Board Part xilinx.com:emb-plus-vpr-4616:part0:1.1 available at C:/Xilinx/2025.1/data/xhub/boards\XilinxBoardStore\boards\Xilinx\emb-plus-vpr-4616\1.1\board.xml as part xcve2302-sfva784-2mp-e-s specified in board_part file is either invalid or not available
WARNING: [Board 49-26] cannot add Board Part xilinx.com:kcu105:part0:1.6 available at C:/Xilinx/2025.1/data/xhub/boards\XilinxBoardStore\boards\Xilinx\kcu105\1.6\board.xml as part xcku040-ffva1156-2-e specified in board_part file is either invalid or not available
WARNING: [Board 49-26] cannot add Board Part xilinx.com:kcu105:part0:1.7 available at C:/Xilinx/2025.1/data/xhub/boards\XilinxBoardStore\boards\Xilinx\kcu105\1.7\board.xml as part xcku040-ffva1156-2-e specified in board_part file is either invalid or not available
WARNING: [Board 49-26] cannot add Board Part xilinx.com:kcu116:part0:1.4 available at C:/Xilinx/2025.1/data/xhub/boards\XilinxBoardStore\boards\Xilinx\kcu116\1.4\board.xml as part xcku5p-ffvb676-2-e specified in board_part file is either invalid or not available
WARNING: [Board 49-26] cannot add Board Part xilinx.com:kcu116:part0:1.5 available at C:/Xilinx/2025.1/data/xhub/boards\XilinxBoardStore\boards\Xilinx\kcu116\1.5\board.xml as part xcku5p-ffvb676-2-e specified in board_part file is either invalid or not available
WARNING: [Board 49-26] cannot add Board Part xilinx.com:scu35:part0:1.0 available at C:/Xilinx/2025.1/data/xhub/boards\XilinxBoardStore\boards\Xilinx\scu35\1.0\board.xml as part xcsu35p-sbvb625-2-e specified in board_part file is either invalid or not available
WARNING: [Board 49-26] cannot add Board Part xilinx.com:v80:part0:1.0 available at C:/Xilinx/2025.1/data/xhub/boards\XilinxBoardStore\boards\Xilinx\v80\1.0\board.xml as part xcv80-lsva4737-2mhp-e-s specified in board_part file is either invalid or not available
WARNING: [Board 49-26] cannot add Board Part xilinx.com:vcu108:part0:1.6 available at C:/Xilinx/2025.1/data/xhub/boards\XilinxBoardStore\boards\Xilinx\vcu108\1.6\board.xml as part xcvu095-ffva2104-2-e specified in board_part file is either invalid or not available
WARNING: [Board 49-26] cannot add Board Part xilinx.com:vcu108:part0:1.7 available at C:/Xilinx/2025.1/data/xhub/boards\XilinxBoardStore\boards\Xilinx\vcu108\1.7\board.xml as part xcvu095-ffva2104-2-e specified in board_part file is either invalid or not available
WARNING: [Board 49-26] cannot add Board Part xilinx.com:vcu110:part0:1.4 available at C:/Xilinx/2025.1/data/xhub/boards\XilinxBoardStore\boards\Xilinx\vcu110\1.4\board.xml as part xcvu190-flgc2104-2-e specified in board_part file is either invalid or not available
WARNING: [Board 49-26] cannot add Board Part xilinx.com:vcu128:part0:1.0 available at C:/Xilinx/2025.1/data/xhub/boards\XilinxBoardStore\boards\Xilinx\vcu128\production\1.0\board.xml as part xcvu37p-fsvh2892-2l-e specified in board_part file is either invalid or not available
WARNING: [Board 49-26] cannot add Board Part xilinx.com:vcu129:part0:1.0 available at C:/Xilinx/2025.1/data/xhub/boards\XilinxBoardStore\boards\Xilinx\vcu129\production\1.0\board.xml as part xcvu29p-fsga2577-2l-e specified in board_part file is either invalid or not available
WARNING: [Board 49-26] cannot add Board Part xilinx.com:vek280:part0:1.0 available at C:/Xilinx/2025.1/data/xhub/boards\XilinxBoardStore\boards\Xilinx\vek280\production\1.0\board.xml as part xcve2802-vsvh1760-2mp-e-s specified in board_part file is either invalid or not available
WARNING: [Board 49-26] cannot add Board Part xilinx.com:vek280:part0:1.1 available at C:/Xilinx/2025.1/data/xhub/boards\XilinxBoardStore\boards\Xilinx\vek280\production\1.1\board.xml as part xcve2802-vsvh1760-2mp-e-s specified in board_part file is either invalid or not available
WARNING: [Board 49-26] cannot add Board Part xilinx.com:vek280:part0:1.2 available at C:/Xilinx/2025.1/data/xhub/boards\XilinxBoardStore\boards\Xilinx\vek280\production\1.2\board.xml as part xcve2802-vsvh1760-2mp-e-s specified in board_part file is either invalid or not available
WARNING: [Board 49-26] cannot add Board Part xilinx.com:vek385:part0:1.0 available at C:/Xilinx/2025.1/data/xhub/boards\XilinxBoardStore\boards\Xilinx\vek385\1.0\board.xml as part xc2ve3858-ssva2112-2mp-e-s specified in board_part file is either invalid or not available
WARNING: [Board 49-26] cannot add Board Part xilinx.com:vermeo_t1_rfsoc:part0:1.0 available at C:/Xilinx/2025.1/data/xhub/boards\XilinxBoardStore\boards\Xilinx\vermeo_t1_rfsoc\1.0\board.xml as part xczu21dr-ffvd1156-2l-e specified in board_part file is either invalid or not available
WARNING: [Board 49-26] cannot add Board Part xilinx.com:vhk158:part0:1.0 available at C:/Xilinx/2025.1/data/xhub/boards\XilinxBoardStore\boards\Xilinx\vhk158\production\1.0\board.xml as part xcvh1582-vsva3697-2mp-e-s specified in board_part file is either invalid or not available
WARNING: [Board 49-26] cannot add Board Part xilinx.com:vhk158:part0:1.1 available at C:/Xilinx/2025.1/data/xhub/boards\XilinxBoardStore\boards\Xilinx\vhk158\production\1.1\board.xml as part xcvh1582-vsva3697-2mp-e-s specified in board_part file is either invalid or not available
WARNING: [Board 49-26] cannot add Board Part xilinx.com:vhk158:part0:1.2 available at C:/Xilinx/2025.1/data/xhub/boards\XilinxBoardStore\boards\Xilinx\vhk158\production\1.2\board.xml as part xcvh1582-vsva3697-2mp-e-s specified in board_part file is either invalid or not available
WARNING: [Board 49-26] cannot add Board Part xilinx.com:vpk180:part0:1.0 available at C:/Xilinx/2025.1/data/xhub/boards\XilinxBoardStore\boards\Xilinx\vpk180\production\1.0\board.xml as part xcvp1802-lsvc4072-2mp-e-s specified in board_part file is either invalid or not available
WARNING: [Board 49-26] cannot add Board Part xilinx.com:vpk180:part0:1.1 available at C:/Xilinx/2025.1/data/xhub/boards\XilinxBoardStore\boards\Xilinx\vpk180\production\1.1\board.xml as part xcvp1802-lsvc4072-2mp-e-s specified in board_part file is either invalid or not available
WARNING: [Board 49-26] cannot add Board Part xilinx.com:vpk180:part0:1.2 available at C:/Xilinx/2025.1/data/xhub/boards\XilinxBoardStore\boards\Xilinx\vpk180\production\1.2\board.xml as part xcvp1802-lsvc4072-2mp-e-s specified in board_part file is either invalid or not available
WARNING: [Board 49-26] cannot add Board Part xilinx.com:zcu111:part0:1.2 available at C:/Xilinx/2025.1/data/xhub/boards\XilinxBoardStore\boards\Xilinx\zcu111\1.2\board.xml as part xczu28dr-ffvg1517-2-e specified in board_part file is either invalid or not available
WARNING: [Board 49-26] cannot add Board Part xilinx.com:zcu111:part0:1.3 available at C:/Xilinx/2025.1/data/xhub/boards\XilinxBoardStore\boards\Xilinx\zcu111\1.3\board.xml as part xczu28dr-ffvg1517-2-e specified in board_part file is either invalid or not available
WARNING: [Board 49-26] cannot add Board Part xilinx.com:zcu111:part0:1.4 available at C:/Xilinx/2025.1/data/xhub/boards\XilinxBoardStore\boards\Xilinx\zcu111\1.4\board.xml as part xczu28dr-ffvg1517-2-e specified in board_part file is either invalid or not available
WARNING: [Board 49-26] cannot add Board Part xilinx.com:zcu1275:part0:1.0 available at C:/Xilinx/2025.1/data/xhub/boards\XilinxBoardStore\boards\Xilinx\zcu1275\1.0\board.xml as part xczu29dr-ffvf1760-2-e specified in board_part file is either invalid or not available
WARNING: [Board 49-26] cannot add Board Part xilinx.com:zcu1285:part0:1.0 available at C:/Xilinx/2025.1/data/xhub/boards\XilinxBoardStore\boards\Xilinx\zcu1285\1.0\board.xml as part xczu39dr-ffvf1760-2-i specified in board_part file is either invalid or not available
WARNING: [Board 49-26] cannot add Board Part xilinx.com:zcu208:part0:2.0 available at C:/Xilinx/2025.1/data/xhub/boards\XilinxBoardStore\boards\Xilinx\zcu208\production\2.0\board.xml as part xczu48dr-fsvg1517-2-e specified in board_part file is either invalid or not available
WARNING: [Board 49-26] cannot add Board Part xilinx.com:zcu208ld:part0:2.0 available at C:/Xilinx/2025.1/data/xhub/boards\XilinxBoardStore\boards\Xilinx\zcu208ld\production\2.0\board.xml as part xczu58dr-fsvg1517-2-i specified in board_part file is either invalid or not available
WARNING: [Board 49-26] cannot add Board Part xilinx.com:zcu216:part0:2.0 available at C:/Xilinx/2025.1/data/xhub/boards\XilinxBoardStore\boards\Xilinx\zcu216\production\2.0\board.xml as part xczu49dr-ffvf1760-2-e specified in board_part file is either invalid or not available
WARNING: [Board 49-26] cannot add Board Part xilinx.com:zcu216ld:part0:2.0 available at C:/Xilinx/2025.1/data/xhub/boards\XilinxBoardStore\boards\Xilinx\zcu216ld\production\2.0\board.xml as part xczu59dr-ffvf1760-2-i specified in board_part file is either invalid or not available
WARNING: [Board 49-26] cannot add Board Part xilinx.com:zcu670:part0:2.0 available at C:/Xilinx/2025.1/data/xhub/boards\XilinxBoardStore\boards\Xilinx\zcu670\2.0\board.xml as part xczu67dr-fsve1156-2-i specified in board_part file is either invalid or not available
WARNING: [Board 49-26] cannot add Board Part xilinx.com:zcu670ld:part0:1.0 available at C:/Xilinx/2025.1/data/xhub/boards\XilinxBoardStore\boards\Xilinx\zcu670ld\1.0\board.xml as part xczu57dr-fsve1156-2-i specified in board_part file is either invalid or not available
WARNING: [Project 1-5713] Board part '' set for the project  is not found. BoardPart property will be unset. Please select board from latest repo build 
INFO: [IP_Flow 19-234] Refreshing IP repositories
INFO: [IP_Flow 19-1704] No user IP repositories specified
INFO: [IP_Flow 19-2313] Loaded Vivado IP repository 'C:/Xilinx/2025.1/Vivado/data/ip'.
WARNING: [IP_Flow 19-2162] IP 'CPU_ROM' is locked:
* IP definition 'Block Memory Generator (8.4)' for IP 'CPU_ROM' (customized with software release 2024.2) has a different revision in the IP Catalog.
open_project: Time (s): cpu = 00:00:41 ; elapsed = 00:00:15 . Memory (MB): peak = 1734.109 ; gain = 218.410
update_compile_order -fileset sources_1
update_files -from_files C:/Users/Kheph/Documents/Projects/School/ECE449CPU/ECE449_LAB_CPU/ALU/ALU.vhd -to_files C:/Users/Kheph/Documents/Projects/School/ECE449CPU/ECE449_LAB_CPU/Desktop/ECE449_LAB_CPU-main/ALU/ALU.vhd -filesets [get_filesets *]
INFO: [filemgmt 20-762] Replacing file 'C:/Users/Kheph/Documents/Projects/School/ECE449CPU/ECE449_LAB_CPU/Desktop/ECE449_LAB_CPU-main/ALU/ALU.vhd' with file 'C:/Users/Kheph/Documents/Projects/School/ECE449CPU/ECE449_LAB_CPU/ALU/ALU.vhd'.
update_files -from_files C:/Users/Kheph/Documents/Projects/School/ECE449CPU/ECE449_LAB_CPU/Controller/controller.vhd -to_files C:/Users/Kheph/Documents/Projects/School/ECE449CPU/ECE449_LAB_CPU/Desktop/ECE449_LAB_CPU-main/Controller/controller.vhd -filesets [get_filesets *]
INFO: [filemgmt 20-762] Replacing file 'C:/Users/Kheph/Documents/Projects/School/ECE449CPU/ECE449_LAB_CPU/Desktop/ECE449_LAB_CPU-main/Controller/controller.vhd' with file 'C:/Users/Kheph/Documents/Projects/School/ECE449CPU/ECE449_LAB_CPU/Controller/controller.vhd'.
update_compile_order -fileset sources_1
update_files -from_files C:/Users/Kheph/Documents/Projects/School/ECE449CPU/ECE449_LAB_CPU/RegisterFile/registerfile.vhd -to_files {{C:/Users/Kheph/Documents/Projects/School/ECE449CPU/ECE449_LAB_CPU/Desktop/ECE449_LAB_CPU-main/Data Path/datapath.vhd}} -filesets [get_filesets *]
INFO: [filemgmt 20-762] Replacing file 'C:/Users/Kheph/Documents/Projects/School/ECE449CPU/ECE449_LAB_CPU/Desktop/ECE449_LAB_CPU-main/Data Path/datapath.vhd' with file 'C:/Users/Kheph/Documents/Projects/School/ECE449CPU/ECE449_LAB_CPU/RegisterFile/registerfile.vhd'.
update_files -from_files {{C:/Users/Kheph/Documents/Projects/School/ECE449CPU/ECE449_LAB_CPU/Data Path/datapath.vhd}} -to_files C:/Users/Kheph/Documents/Projects/School/ECE449CPU/ECE449_LAB_CPU/Desktop/ECE449_LAB_CPU-main/RegisterFile/registerfile.vhd -filesets [get_filesets *]
INFO: [filemgmt 20-762] Replacing file 'C:/Users/Kheph/Documents/Projects/School/ECE449CPU/ECE449_LAB_CPU/Desktop/ECE449_LAB_CPU-main/RegisterFile/registerfile.vhd' with file 'C:/Users/Kheph/Documents/Projects/School/ECE449CPU/ECE449_LAB_CPU/Data Path/datapath.vhd'.
update_compile_order -fileset sources_1
update_files -from_files C:/Users/Kheph/Documents/Projects/School/ECE449CPU/ECE449_LAB_CPU/ProgramCounter/programCounter.vhd -to_files C:/Users/Kheph/Documents/Projects/School/ECE449CPU/ECE449_LAB_CPU/Desktop/ECE449_LAB_CPU-main/ProgramCounter/programCounter.vhd -filesets [get_filesets *]
INFO: [filemgmt 20-762] Replacing file 'C:/Users/Kheph/Documents/Projects/School/ECE449CPU/ECE449_LAB_CPU/Desktop/ECE449_LAB_CPU-main/ProgramCounter/programCounter.vhd' with file 'C:/Users/Kheph/Documents/Projects/School/ECE449CPU/ECE449_LAB_CPU/ProgramCounter/programCounter.vhd'.
update_compile_order -fileset sources_1
launch_simulation
Command: launch_simulation 
INFO: [Vivado 12-12493] Simulation top is 'cpu_top_level_testbench'
INFO: [Vivado 12-5698] Checking validity of IPs in the design for the 'XSim' simulator...
INFO: [Vivado 12-5682] Launching behavioral simulation in 'C:/Users/Kheph/Documents/Projects/School/ECE449CPU/ECE449_LAB_CPU/project_1/project_1.sim/sim_1/behav/xsim'
INFO: [Vivado 12-4795] Using compiled simulation libraries for IPs
INFO: [SIM-utils-51] Simulation object is 'sim_1'
INFO: [SIM-utils-72] Using boost library from 'C:/Xilinx/2025.1/Vivado/tps/boost_1_72_0'
INFO: [USF-XSim-7] Finding pre-compiled libraries...
INFO: [USF-XSim-11] File 'C:/Xilinx/2025.1/Vivado/data/xsim/xsim.ini' copied to run dir:'C:/Users/Kheph/Documents/Projects/School/ECE449CPU/ECE449_LAB_CPU/project_1/project_1.sim/sim_1/behav/xsim'
INFO: [SIM-utils-20] The project contains locked or custom IPs. The pre-compiled version of these IPs will not be referenced and the sources from these IP libraries will be compiled locally.
INFO: [SIM-utils-54] Inspecting design source files for 'cpu_top_level_testbench' in fileset 'sim_1'...
INFO: [SIM-utils-43] Exported 'C:/Users/Kheph/Documents/Projects/School/ECE449CPU/ECE449_LAB_CPU/project_1/project_1.sim/sim_1/behav/xsim/CPU_ROM.mif'
WARNING: [SIM-utils-42] Failed to copy file 'C:/Users/Kheph/Documents/Projects/School/ECE449CPU/ECE449_LAB_CPU/project_1/project_1.ip_user_files/mem_init_files/FormatA_Test.coe' to 'C:/Users/Kheph/Documents/Projects/School/ECE449CPU/ECE449_LAB_CPU/project_1/project_1.sim/sim_1/behav/xsim' : error copying "C:/Users/Kheph/Documents/Projects/School/ECE449CPU/ECE449_LAB_CPU/project_1/project_1.ip_user_files/mem_init_files/FormatA_Test.coe": no such file or directory
INFO: [USF-XSim-97] Finding global include files...
INFO: [USF-XSim-98] Fetching design files from 'sim_1'...
INFO: [SIM-utils-40] Using sources from the locked IP version (pre-compiled version will not be referenced) - blk_mem_gen_v8_4_9
INFO: [USF-XSim-2] XSim::Compile design
INFO: [USF-XSim-61] Executing 'COMPILE and ANALYZE' step in 'C:/Users/Kheph/Documents/Projects/School/ECE449CPU/ECE449_LAB_CPU/project_1/project_1.sim/sim_1/behav/xsim'
"xvlog --incr --relax -prj cpu_top_level_testbench_vlog.prj"
INFO: [VRFC 10-2263] Analyzing Verilog file "C:/Users/Kheph/Documents/Projects/School/ECE449CPU/ECE449_LAB_CPU/project_1/project_1.ip_user_files/ipstatic/simulation/blk_mem_gen_v8_4.v" into library blk_mem_gen_v8_4_9
INFO: [VRFC 10-311] analyzing module STATE_LOGIC_v8_4
INFO: [VRFC 10-311] analyzing module beh_vlog_muxf7_v8_4
INFO: [VRFC 10-311] analyzing module beh_vlog_ff_clr_v8_4
INFO: [VRFC 10-311] analyzing module beh_vlog_ff_pre_v8_4
INFO: [VRFC 10-311] analyzing module beh_vlog_ff_ce_clr_v8_4
INFO: [VRFC 10-311] analyzing module write_netlist_v8_4
INFO: [VRFC 10-311] analyzing module read_netlist_v8_4
INFO: [VRFC 10-311] analyzing module blk_mem_axi_write_wrapper_beh_v8_4
INFO: [VRFC 10-311] analyzing module blk_mem_axi_read_wrapper_beh_v8_4
INFO: [VRFC 10-311] analyzing module blk_mem_axi_regs_fwd_v8_4
INFO: [VRFC 10-311] analyzing module blk_mem_gen_v8_4_9_output_stage
INFO: [VRFC 10-311] analyzing module blk_mem_gen_v8_4_9_softecc_output_reg_stage
INFO: [VRFC 10-311] analyzing module blk_mem_gen_v8_4_9_mem_module
INFO: [VRFC 10-311] analyzing module blk_mem_gen_v8_4_9
INFO: [VRFC 10-2263] Analyzing Verilog file "C:/Users/Kheph/Documents/Projects/School/ECE449CPU/ECE449_LAB_CPU/project_1/project_1.gen/sources_1/ip/CPU_ROM/sim/CPU_ROM.v" into library xil_defaultlib
INFO: [VRFC 10-311] analyzing module CPU_ROM
INFO: [VRFC 10-2263] Analyzing Verilog file "C:/Users/Kheph/Documents/Projects/School/ECE449CPU/ECE449_LAB_CPU/project_1/project_1.sim/sim_1/behav/xsim/glbl.v" into library xil_defaultlib
INFO: [VRFC 10-311] analyzing module glbl
"xvhdl --incr --relax -prj cpu_top_level_testbench_vhdl.prj"
INFO: [VRFC 10-163] Analyzing VHDL file "C:/Users/Kheph/Documents/Projects/School/ECE449CPU/ECE449_LAB_CPU/ALU/ALU.vhd" into library xil_defaultlib
INFO: [VRFC 10-3107] analyzing entity 'ALU'
INFO: [VRFC 10-163] Analyzing VHDL file "C:/Users/Kheph/Documents/Projects/School/ECE449CPU/ECE449_LAB_CPU/project_1/project_1.srcs/sources_1/new/EX_MEM.vhd" into library xil_defaultlib
INFO: [VRFC 10-3107] analyzing entity 'execute_register'
INFO: [VRFC 10-163] Analyzing VHDL file "C:/Users/Kheph/Documents/Projects/School/ECE449CPU/ECE449_LAB_CPU/project_1/project_1.srcs/sources_1/new/ID_EX.vhd" into library xil_defaultlib
INFO: [VRFC 10-3107] analyzing entity 'instruction_decode_register'
INFO: [VRFC 10-163] Analyzing VHDL file "C:/Users/Kheph/Documents/Projects/School/ECE449CPU/ECE449_LAB_CPU/project_1/project_1.srcs/sources_1/new/MEM_WB.vhd" into library xil_defaultlib
INFO: [VRFC 10-3107] analyzing entity 'write_back_register'
INFO: [VRFC 10-163] Analyzing VHDL file "C:/Users/Kheph/Documents/Projects/School/ECE449CPU/ECE449_LAB_CPU/Controller/controller.vhd" into library xil_defaultlib
INFO: [VRFC 10-3107] analyzing entity 'controller'
INFO: [VRFC 10-163] Analyzing VHDL file "C:/Users/Kheph/Documents/Projects/School/ECE449CPU/ECE449_LAB_CPU/ProgramCounter/programCounter.vhd" into library xil_defaultlib
INFO: [VRFC 10-3107] analyzing entity 'program_counter'
INFO: [VRFC 10-163] Analyzing VHDL file "C:/Users/Kheph/Documents/Projects/School/ECE449CPU/ECE449_LAB_CPU/RegisterFile/registerfile.vhd" into library xil_defaultlib
INFO: [VRFC 10-3107] analyzing entity 'register_file'
INFO: [VRFC 10-163] Analyzing VHDL file "C:/Users/Kheph/Documents/Projects/School/ECE449CPU/ECE449_LAB_CPU/project_1/project_1.srcs/sources_1/new/instruction_fetch_register.vhd" into library xil_defaultlib
INFO: [VRFC 10-3107] analyzing entity 'instruction_fetch_register'
INFO: [VRFC 10-163] Analyzing VHDL file "C:/Users/Kheph/Documents/Projects/School/ECE449CPU/ECE449_LAB_CPU/Data Path/datapath.vhd" into library xil_defaultlib
INFO: [VRFC 10-3107] analyzing entity 'datapath'
INFO: [VRFC 10-163] Analyzing VHDL file "C:/Users/Kheph/Documents/Projects/School/ECE449CPU/ECE449_LAB_CPU/project_1/project_1.srcs/sources_1/new/cpu_top_level.vhd" into library xil_defaultlib
INFO: [VRFC 10-3107] analyzing entity 'cpu_top_level'
INFO: [VRFC 10-163] Analyzing VHDL file "C:/Users/Kheph/Documents/Projects/School/ECE449CPU/ECE449_LAB_CPU/project_1/project_1.srcs/sim_1/new/cpu_top_level_testbench.vhd" into library xil_defaultlib
INFO: [VRFC 10-3107] analyzing entity 'cpu_top_level_testbench'
INFO: [USF-XSim-69] 'compile' step finished in '4' seconds
INFO: [USF-XSim-3] XSim::Elaborate design
INFO: [USF-XSim-61] Executing 'ELABORATE' step in 'C:/Users/Kheph/Documents/Projects/School/ECE449CPU/ECE449_LAB_CPU/project_1/project_1.sim/sim_1/behav/xsim'
"xelab --incr --debug typical --relax --mt 2 -L xil_defaultlib -L blk_mem_gen_v8_4_9 -L unisims_ver -L unimacro_ver -L secureip -L xpm --snapshot cpu_top_level_testbench_behav xil_defaultlib.cpu_top_level_testbench xil_defaultlib.glbl -log elaborate.log"
Vivado Simulator v2025.1.0
Copyright 1986-2022 Xilinx, Inc. All Rights Reserved.
Copyright 2022-2025 Advanced Micro Devices, Inc. All Rights Reserved.
Running: C:/Xilinx/2025.1/Vivado/bin/unwrapped/win64.o/xelab.exe --incr --debug typical --relax --mt 2 -L xil_defaultlib -L blk_mem_gen_v8_4_9 -L unisims_ver -L unimacro_ver -L secureip -L xpm --snapshot cpu_top_level_testbench_behav xil_defaultlib.cpu_top_level_testbench xil_defaultlib.glbl -log elaborate.log 
Using 2 slave threads.
Starting static elaboration
Pass Through NonSizing Optimizer
Completed static elaboration
Starting simulation data flow analysis
Completed simulation data flow analysis
Time Resolution for simulation is 1ps
Compiling package std.standard
Compiling package std.textio
Compiling package ieee.std_logic_1164
Compiling package ieee.numeric_std
Compiling package vl.vl_types
Compiling module xil_defaultlib.glbl
Compiling module blk_mem_gen_v8_4_9.blk_mem_gen_v8_4_9_output_stage(...
Compiling module blk_mem_gen_v8_4_9.blk_mem_gen_v8_4_9_output_stage(...
Compiling module blk_mem_gen_v8_4_9.blk_mem_gen_v8_4_9_softecc_outpu...
Compiling module blk_mem_gen_v8_4_9.blk_mem_gen_v8_4_9_mem_module(C_...
Compiling module blk_mem_gen_v8_4_9.blk_mem_gen_v8_4_9(C_FAMILY="art...
Compiling module xil_defaultlib.CPU_ROM
Compiling architecture behavioral of entity xil_defaultlib.program_counter [program_counter_default]
Compiling architecture behavioural of entity xil_defaultlib.register_file [register_file_default]
Compiling architecture behavioral of entity xil_defaultlib.ALU [alu_default]
Compiling architecture behavioral of entity xil_defaultlib.instruction_fetch_register [instruction_fetch_register_defau...]
Compiling architecture behavioral of entity xil_defaultlib.instruction_decode_register [instruction_decode_register_defa...]
Compiling architecture behavioral of entity xil_defaultlib.execute_register [execute_register_default]
Compiling architecture behavioral of entity xil_defaultlib.write_back_register [write_back_register_default]
Compiling architecture behavioural of entity xil_defaultlib.datapath [datapath_default]
Compiling architecture behavioral of entity xil_defaultlib.controller [controller_default]
Compiling architecture behavioral of entity xil_defaultlib.cpu_top_level [cpu_top_level_default]
Compiling architecture behavioral of entity xil_defaultlib.cpu_top_level_testbench
Built simulation snapshot cpu_top_level_testbench_behav
run_program: Time (s): cpu = 00:00:01 ; elapsed = 00:00:10 . Memory (MB): peak = 1775.660 ; gain = 0.000
INFO: [USF-XSim-69] 'elaborate' step finished in '10' seconds
INFO: [USF-XSim-4] XSim::Simulate design
INFO: [USF-XSim-61] Executing 'SIMULATE' step in 'C:/Users/Kheph/Documents/Projects/School/ECE449CPU/ECE449_LAB_CPU/project_1/project_1.sim/sim_1/behav/xsim'
INFO: [USF-XSim-98] *** Running xsim
   with args "cpu_top_level_testbench_behav -key {Behavioral:sim_1:Functional:cpu_top_level_testbench} -tclbatch {cpu_top_level_testbench.tcl} -view {C:/Users/Kheph/Documents/Projects/School/ECE449CPU/ECE449_LAB_CPU/project_1/cpu_top_level_testbench_behav.wcfg} -log {simulate.log}"
INFO: [USF-XSim-8] Loading simulator feature
Time resolution is 1 ps
open_wave_config C:/Users/Kheph/Documents/Projects/School/ECE449CPU/ECE449_LAB_CPU/project_1/cpu_top_level_testbench_behav.wcfg
source cpu_top_level_testbench.tcl
# set curr_wave [current_wave_config]
# if { [string length $curr_wave] == 0 } {
#   if { [llength [get_objects]] > 0} {
#     add_wave /
#     set_property needs_save false [current_wave_config]
#   } else {
#      send_msg_id Add_Wave-1 WARNING "No top level signals found. Simulator will start without a wave window. If you want to open a wave window go to 'File->New Waveform Configuration' or type 'create_wave_config' in the TCL console."
#   }
# }
# run 1000ns
 Block Memory Generator module loading initial data...
 Block Memory Generator data initialization complete.
Block Memory Generator module cpu_top_level_testbench.uut.datapath.ROM_inst.inst.native_mem_module.blk_mem_gen_v8_4_9_inst is using a behavioral model for simulation which will not precisely model memory collision behavior.
INFO: [USF-XSim-96] XSim completed. Design snapshot 'cpu_top_level_testbench_behav' loaded.
INFO: [USF-XSim-97] XSim simulation ran for 1000ns
launch_simulation: Time (s): cpu = 00:00:06 ; elapsed = 00:00:20 . Memory (MB): peak = 1785.625 ; gain = 25.645
upgrade_ip -srcset CPU_ROM -vlnv xilinx.com:ip:blk_mem_gen:8.4 [get_ips  CPU_ROM] -log ip_upgrade.log
Upgrading 'CPU_ROM'
WARNING: [Vivado 12-1017] Problems encountered:
1. Failed to delete one or more files in run directory C:/Users/Kheph/Documents/Projects/School/ECE449CPU/ECE449_LAB_CPU/project_1/project_1.runs/CPU_ROM_synth_1

INFO: [Project 1-386] Moving file 'C:/Users/Kheph/Documents/Projects/School/ECE449CPU/ECE449_LAB_CPU/project_1/project_1.srcs/sources_1/ip/CPU_ROM/CPU_ROM.xci' from fileset 'CPU_ROM' to fileset 'sources_1'.
WARNING: [IP_Flow 19-4050] The normal upgrade process failed due to validation failures in the given configuration. Attempting partial upgrade to set as many user parameters as possible. Please check the parameters whose values were not applied.
WARNING: [IP_Flow 19-3932] Unable to set the value 'true' on parameter 'Load Init File' due to the following failure - 
Validation failed for parameter 'Coe File(Coe_File)' with current value 'no_coe_file_loaded' for IP 'CPU_ROM'. No COE file loaded
. Restoring to an old valid value of 'false'
INFO: [IP_Flow 19-3422] Upgraded CPU_ROM (Block Memory Generator 8.4) from revision 9 to revision 11
INFO: [IP_Flow 19-1686] Generating 'Instantiation Template' target for IP 'CPU_ROM'...
CRITICAL WARNING: [Coretcl 2-1279] The upgrade of 'CPU_ROM' has identified issues that may require user intervention. Please review the upgrade log 'c:/Users/Kheph/Documents/Projects/School/ECE449CPU/ECE449_LAB_CPU/project_1/ip_upgrade.log', and verify that the upgraded IP is correctly configured.
INFO: [Coretcl 2-1525] Wrote upgrade log to 'C:/Users/Kheph/Documents/Projects/School/ECE449CPU/ECE449_LAB_CPU/project_1/ip_upgrade.log'.
export_ip_user_files -of_objects [get_ips CPU_ROM] -no_script -sync -force -quiet
update_compile_order -fileset sources_1
WARNING: [IP_Flow 19-4067] Ignoring invalid widget type specified checkbox.Providing a default widget
WARNING: [IP_Flow 19-4067] Ignoring invalid widget type specified checkbox.Providing a default widget
INFO: [IP_Flow 19-3484] Absolute path of file 'c:/Users/Kheph/Documents/Projects/School/ECE449CPU/ECE449_LAB_CPU/FormatA_Test.coe' provided. It will be converted relative to IP Instance files '../../../../../FormatA_Test.coe'
set_property -dict [list \
  CONFIG.Coe_File {C:/Users/Kheph/Documents/Projects/School/ECE449CPU/ECE449_LAB_CPU/FormatA_Test.coe} \
  CONFIG.Load_Init_File {true} \
] [get_ips CPU_ROM]
INFO: [IP_Flow 19-3484] Absolute path of file 'c:/Users/Kheph/Documents/Projects/School/ECE449CPU/ECE449_LAB_CPU/FormatA_Test.coe' provided. It will be converted relative to IP Instance files '../../../../../FormatA_Test.coe'
generate_target all [get_files  C:/Users/Kheph/Documents/Projects/School/ECE449CPU/ECE449_LAB_CPU/project_1/project_1.srcs/sources_1/ip/CPU_ROM/CPU_ROM.xci]
INFO: [IP_Flow 19-1686] Generating 'Instantiation Template' target for IP 'CPU_ROM'...
INFO: [IP_Flow 19-1686] Generating 'Synthesis' target for IP 'CPU_ROM'...
INFO: [IP_Flow 19-1686] Generating 'Simulation' target for IP 'CPU_ROM'...
INFO: [IP_Flow 19-1686] Generating 'Miscellaneous' target for IP 'CPU_ROM'...
INFO: [IP_Flow 19-1686] Generating 'Change Log' target for IP 'CPU_ROM'...
catch { config_ip_cache -export [get_ips -all CPU_ROM] }
export_ip_user_files -of_objects [get_files C:/Users/Kheph/Documents/Projects/School/ECE449CPU/ECE449_LAB_CPU/project_1/project_1.srcs/sources_1/ip/CPU_ROM/CPU_ROM.xci] -no_script -sync -force -quiet
create_ip_run [get_files -of_objects [get_fileset sources_1] C:/Users/Kheph/Documents/Projects/School/ECE449CPU/ECE449_LAB_CPU/project_1/project_1.srcs/sources_1/ip/CPU_ROM/CPU_ROM.xci]
launch_runs CPU_ROM_synth_1 -jobs 4
[Sun Mar  8 09:48:40 2026] Launched CPU_ROM_synth_1...
Run output will be captured here: C:/Users/Kheph/Documents/Projects/School/ECE449CPU/ECE449_LAB_CPU/project_1/project_1.runs/CPU_ROM_synth_1/runme.log
launch_runs: Time (s): cpu = 00:00:01 ; elapsed = 00:00:09 . Memory (MB): peak = 1844.121 ; gain = 0.000
export_simulation -lib_map_path [list {modelsim=C:/Users/Kheph/Documents/Projects/School/ECE449CPU/ECE449_LAB_CPU/project_1/project_1.cache/compile_simlib/modelsim} {questa=C:/Users/Kheph/Documents/Projects/School/ECE449CPU/ECE449_LAB_CPU/project_1/project_1.cache/compile_simlib/questa} {riviera=C:/Users/Kheph/Documents/Projects/School/ECE449CPU/ECE449_LAB_CPU/project_1/project_1.cache/compile_simlib/riviera} {activehdl=C:/Users/Kheph/Documents/Projects/School/ECE449CPU/ECE449_LAB_CPU/project_1/project_1.cache/compile_simlib/activehdl}] -of_objects [get_files C:/Users/Kheph/Documents/Projects/School/ECE449CPU/ECE449_LAB_CPU/project_1/project_1.srcs/sources_1/ip/CPU_ROM/CPU_ROM.xci] -directory C:/Users/Kheph/Documents/Projects/School/ECE449CPU/ECE449_LAB_CPU/project_1/project_1.ip_user_files/sim_scripts -ip_user_files_dir C:/Users/Kheph/Documents/Projects/School/ECE449CPU/ECE449_LAB_CPU/project_1/project_1.ip_user_files -ipstatic_source_dir C:/Users/Kheph/Documents/Projects/School/ECE449CPU/ECE449_LAB_CPU/project_1/project_1.ip_user_files/ipstatic -use_ip_compiled_libs -force -quiet
relaunch_sim
Command: launch_simulation -step compile -simset sim_1 -mode behavioral
INFO: [Vivado 12-12493] Simulation top is 'cpu_top_level_testbench'
INFO: [Vivado 12-5698] Checking validity of IPs in the design for the 'XSim' simulator...
INFO: [Vivado 12-5682] Launching behavioral simulation in 'C:/Users/Kheph/Documents/Projects/School/ECE449CPU/ECE449_LAB_CPU/project_1/project_1.sim/sim_1/behav/xsim'
INFO: [Vivado 12-4795] Using compiled simulation libraries for IPs
INFO: [SIM-utils-51] Simulation object is 'sim_1'
INFO: [SIM-utils-72] Using boost library from 'C:/Xilinx/2025.1/Vivado/tps/boost_1_72_0'
INFO: [USF-XSim-7] Finding pre-compiled libraries...
INFO: [USF-XSim-11] File 'C:/Xilinx/2025.1/Vivado/data/xsim/xsim.ini' copied to run dir:'C:/Users/Kheph/Documents/Projects/School/ECE449CPU/ECE449_LAB_CPU/project_1/project_1.sim/sim_1/behav/xsim'
INFO: [SIM-utils-54] Inspecting design source files for 'cpu_top_level_testbench' in fileset 'sim_1'...
INFO: [SIM-utils-43] Exported 'C:/Users/Kheph/Documents/Projects/School/ECE449CPU/ECE449_LAB_CPU/project_1/project_1.sim/sim_1/behav/xsim/FormatA_Test.coe'
INFO: [SIM-utils-43] Exported 'C:/Users/Kheph/Documents/Projects/School/ECE449CPU/ECE449_LAB_CPU/project_1/project_1.sim/sim_1/behav/xsim/CPU_ROM.mif'
INFO: [SIM-utils-43] Exported 'C:/Users/Kheph/Documents/Projects/School/ECE449CPU/ECE449_LAB_CPU/project_1/project_1.sim/sim_1/behav/xsim/FormatA_Test.coe'
INFO: [USF-XSim-97] Finding global include files...
INFO: [USF-XSim-98] Fetching design files from 'sim_1'...
INFO: [USF-XSim-2] XSim::Compile design
INFO: [USF-XSim-61] Executing 'COMPILE and ANALYZE' step in 'C:/Users/Kheph/Documents/Projects/School/ECE449CPU/ECE449_LAB_CPU/project_1/project_1.sim/sim_1/behav/xsim'
"xvlog --incr --relax -prj cpu_top_level_testbench_vlog.prj"
INFO: [VRFC 10-2263] Analyzing Verilog file "C:/Users/Kheph/Documents/Projects/School/ECE449CPU/ECE449_LAB_CPU/project_1/project_1.gen/sources_1/ip/CPU_ROM/sim/CPU_ROM.v" into library xil_defaultlib
INFO: [VRFC 10-311] analyzing module CPU_ROM
"xvhdl --incr --relax -prj cpu_top_level_testbench_vhdl.prj"
INFO: [USF-XSim-69] 'compile' step finished in '3' seconds
Command: launch_simulation -step elaborate -simset sim_1 -mode behavioral
INFO: [Vivado 12-12493] Simulation top is 'cpu_top_level_testbench'
INFO: [Vivado 12-5698] Checking validity of IPs in the design for the 'XSim' simulator...
INFO: [Vivado 12-5682] Launching behavioral simulation in 'C:/Users/Kheph/Documents/Projects/School/ECE449CPU/ECE449_LAB_CPU/project_1/project_1.sim/sim_1/behav/xsim'
INFO: [Vivado 12-4795] Using compiled simulation libraries for IPs
INFO: [SIM-utils-51] Simulation object is 'sim_1'
INFO: [USF-XSim-3] XSim::Elaborate design
INFO: [USF-XSim-61] Executing 'ELABORATE' step in 'C:/Users/Kheph/Documents/Projects/School/ECE449CPU/ECE449_LAB_CPU/project_1/project_1.sim/sim_1/behav/xsim'
"xelab --incr --debug typical --relax --mt 2 -L xil_defaultlib -L blk_mem_gen_v8_4_11 -L unisims_ver -L unimacro_ver -L secureip -L xpm --snapshot cpu_top_level_testbench_behav xil_defaultlib.cpu_top_level_testbench xil_defaultlib.glbl -log elaborate.log"
Vivado Simulator v2025.1.0
Copyright 1986-2022 Xilinx, Inc. All Rights Reserved.
Copyright 2022-2025 Advanced Micro Devices, Inc. All Rights Reserved.
Running: C:/Xilinx/2025.1/Vivado/bin/unwrapped/win64.o/xelab.exe --incr --debug typical --relax --mt 2 -L xil_defaultlib -L blk_mem_gen_v8_4_11 -L unisims_ver -L unimacro_ver -L secureip -L xpm --snapshot cpu_top_level_testbench_behav xil_defaultlib.cpu_top_level_testbench xil_defaultlib.glbl -log elaborate.log 
Using 2 slave threads.
Starting static elaboration
Pass Through NonSizing Optimizer
Completed static elaboration
Starting simulation data flow analysis
Completed simulation data flow analysis
Time Resolution for simulation is 1ps
Compiling package std.standard
Compiling package std.textio
Compiling package ieee.std_logic_1164
Compiling package ieee.numeric_std
Compiling package vl.vl_types
Compiling module xil_defaultlib.glbl
Compiling module blk_mem_gen_v8_4_11.blk_mem_gen_v8_4_11_output_stage...
Compiling module blk_mem_gen_v8_4_11.blk_mem_gen_v8_4_11_output_stage...
Compiling module blk_mem_gen_v8_4_11.blk_mem_gen_v8_4_11_softecc_outp...
Compiling module blk_mem_gen_v8_4_11.blk_mem_gen_v8_4_11_mem_module(C...
Compiling module blk_mem_gen_v8_4_11.blk_mem_gen_v8_4_11(C_FAMILY="ar...
Compiling module xil_defaultlib.CPU_ROM
Compiling architecture behavioral of entity xil_defaultlib.program_counter [program_counter_default]
Compiling architecture behavioural of entity xil_defaultlib.register_file [register_file_default]
Compiling architecture behavioral of entity xil_defaultlib.ALU [alu_default]
Compiling architecture behavioral of entity xil_defaultlib.instruction_fetch_register [instruction_fetch_register_defau...]
Compiling architecture behavioral of entity xil_defaultlib.instruction_decode_register [instruction_decode_register_defa...]
Compiling architecture behavioral of entity xil_defaultlib.execute_register [execute_register_default]
Compiling architecture behavioral of entity xil_defaultlib.write_back_register [write_back_register_default]
Compiling architecture behavioural of entity xil_defaultlib.datapath [datapath_default]
Compiling architecture behavioral of entity xil_defaultlib.controller [controller_default]
Compiling architecture behavioral of entity xil_defaultlib.cpu_top_level [cpu_top_level_default]
Compiling architecture behavioral of entity xil_defaultlib.cpu_top_level_testbench
Built simulation snapshot cpu_top_level_testbench_behav
run_program: Time (s): cpu = 00:00:00 ; elapsed = 00:00:07 . Memory (MB): peak = 1844.121 ; gain = 0.000
INFO: [USF-XSim-69] 'elaborate' step finished in '6' seconds
launch_simulation: Time (s): cpu = 00:00:00 ; elapsed = 00:00:07 . Memory (MB): peak = 1844.121 ; gain = 0.000
Time resolution is 1 ps
 Block Memory Generator module loading initial data...
 Block Memory Generator data initialization complete.
Block Memory Generator module cpu_top_level_testbench.uut.datapath.ROM_inst.inst.native_mem_module.blk_mem_gen_v8_4_11_inst is using a behavioral model for simulation which will not precisely model memory collision behavior.
relaunch_sim: Time (s): cpu = 00:00:02 ; elapsed = 00:00:12 . Memory (MB): peak = 1844.121 ; gain = 0.000
current_wave_config {cpu_top_level_testbench_behav.wcfg}
cpu_top_level_testbench_behav.wcfg
add_wave {{/cpu_top_level_testbench/uut/datapath/RF_inst/reg_file}} 
relaunch_sim
Command: launch_simulation -step compile -simset sim_1 -mode behavioral
INFO: [Vivado 12-12493] Simulation top is 'cpu_top_level_testbench'
INFO: [Vivado 12-5698] Checking validity of IPs in the design for the 'XSim' simulator...
INFO: [Vivado 12-5682] Launching behavioral simulation in 'C:/Users/Kheph/Documents/Projects/School/ECE449CPU/ECE449_LAB_CPU/project_1/project_1.sim/sim_1/behav/xsim'
INFO: [Vivado 12-4795] Using compiled simulation libraries for IPs
INFO: [SIM-utils-51] Simulation object is 'sim_1'
INFO: [USF-XSim-2] XSim::Compile design
INFO: [USF-XSim-61] Executing 'COMPILE and ANALYZE' step in 'C:/Users/Kheph/Documents/Projects/School/ECE449CPU/ECE449_LAB_CPU/project_1/project_1.sim/sim_1/behav/xsim'
"xvlog --incr --relax -prj cpu_top_level_testbench_vlog.prj"
"xvhdl --incr --relax -prj cpu_top_level_testbench_vhdl.prj"
INFO: [USF-XSim-69] 'compile' step finished in '2' seconds
Command: launch_simulation -step elaborate -simset sim_1 -mode behavioral
INFO: [Vivado 12-12493] Simulation top is 'cpu_top_level_testbench'
INFO: [Vivado 12-5698] Checking validity of IPs in the design for the 'XSim' simulator...
INFO: [Vivado 12-5682] Launching behavioral simulation in 'C:/Users/Kheph/Documents/Projects/School/ECE449CPU/ECE449_LAB_CPU/project_1/project_1.sim/sim_1/behav/xsim'
INFO: [Vivado 12-4795] Using compiled simulation libraries for IPs
INFO: [SIM-utils-51] Simulation object is 'sim_1'
INFO: [USF-XSim-3] XSim::Elaborate design
INFO: [USF-XSim-61] Executing 'ELABORATE' step in 'C:/Users/Kheph/Documents/Projects/School/ECE449CPU/ECE449_LAB_CPU/project_1/project_1.sim/sim_1/behav/xsim'
"xelab --incr --debug typical --relax --mt 2 -L xil_defaultlib -L blk_mem_gen_v8_4_11 -L unisims_ver -L unimacro_ver -L secureip -L xpm --snapshot cpu_top_level_testbench_behav xil_defaultlib.cpu_top_level_testbench xil_defaultlib.glbl -log elaborate.log"
Vivado Simulator v2025.1.0
Copyright 1986-2022 Xilinx, Inc. All Rights Reserved.
Copyright 2022-2025 Advanced Micro Devices, Inc. All Rights Reserved.
Running: C:/Xilinx/2025.1/Vivado/bin/unwrapped/win64.o/xelab.exe --incr --debug typical --relax --mt 2 -L xil_defaultlib -L blk_mem_gen_v8_4_11 -L unisims_ver -L unimacro_ver -L secureip -L xpm --snapshot cpu_top_level_testbench_behav xil_defaultlib.cpu_top_level_testbench xil_defaultlib.glbl -log elaborate.log 
Using 2 slave threads.
Starting static elaboration
Pass Through NonSizing Optimizer
Completed static elaboration
INFO: [XSIM 43-4323] No Change in HDL. Linking previously generated obj files to create kernel
INFO: [USF-XSim-69] 'elaborate' step finished in '1' seconds
Time resolution is 1 ps
 Block Memory Generator module loading initial data...
 Block Memory Generator data initialization complete.
Block Memory Generator module cpu_top_level_testbench.uut.datapath.ROM_inst.inst.native_mem_module.blk_mem_gen_v8_4_11_inst is using a behavioral model for simulation which will not precisely model memory collision behavior.
update_files -from_files C:/Users/Kheph/Documents/Projects/School/ECE449CPU/ECE449_LAB_CPU/ALU/ALU_Testbench.vhd -to_files C:/Users/Kheph/Documents/Projects/School/ECE449CPU/ECE449_LAB_CPU/Desktop/ECE449_LAB_CPU-main/ALU/ALU_Testbench.vhd -filesets [get_filesets *]
INFO: [filemgmt 20-762] Replacing file 'C:/Users/Kheph/Documents/Projects/School/ECE449CPU/ECE449_LAB_CPU/Desktop/ECE449_LAB_CPU-main/ALU/ALU_Testbench.vhd' with file 'C:/Users/Kheph/Documents/Projects/School/ECE449CPU/ECE449_LAB_CPU/ALU/ALU_Testbench.vhd'.
update_files -from_files C:/Users/Kheph/Documents/Projects/School/ECE449CPU/ECE449_LAB_CPU/ROM/CPU_ROM_tb.vhd -to_files C:/Users/Kheph/Documents/Projects/School/ECE449CPU/ECE449_LAB_CPU/Desktop/ECE449_LAB_CPU-main/ROM/CPU_ROM_tb.vhd -filesets [get_filesets *]
INFO: [filemgmt 20-762] Replacing file 'C:/Users/Kheph/Documents/Projects/School/ECE449CPU/ECE449_LAB_CPU/Desktop/ECE449_LAB_CPU-main/ROM/CPU_ROM_tb.vhd' with file 'C:/Users/Kheph/Documents/Projects/School/ECE449CPU/ECE449_LAB_CPU/ROM/CPU_ROM_tb.vhd'.
update_files -from_files C:/Users/Kheph/Documents/Projects/School/ECE449CPU/ECE449_LAB_CPU/ProgramCounter/programCount_tb.vhd -to_files C:/Users/Kheph/Documents/Projects/School/ECE449CPU/ECE449_LAB_CPU/Desktop/ECE449_LAB_CPU-main/ProgramCounter/programCount_tb.vhd -filesets [get_filesets *]
INFO: [filemgmt 20-762] Replacing file 'C:/Users/Kheph/Documents/Projects/School/ECE449CPU/ECE449_LAB_CPU/Desktop/ECE449_LAB_CPU-main/ProgramCounter/programCount_tb.vhd' with file 'C:/Users/Kheph/Documents/Projects/School/ECE449CPU/ECE449_LAB_CPU/ProgramCounter/programCount_tb.vhd'.
